<html>
<body>
<pre>
<h1>Vision Build Log</h1>
<h2>Project:</h2>
C:\Users\jackey\Documents\GitHub\STM32_DGUS\STM32_Demo\projects\test\mdk\lcd_test.uvproj
Project File Date:  04/08/2014

<h2>Output:</h2>
Build target 'lcd_test'
linking...
Program Size: Code=46324 RO-data=1864 RW-data=1636 ZI-data=6420  
".\debug\lcd_test.axf" - 0 Error(s), 0 Warning(s).
Load "C:\\Users\\jackey\\Documents\\GitHub\\STM32_DGUS\\STM32_Demo\\projects\\test\\mdk\\debug\\lcd_test.axf" 
Set JLink Project File to "C:\Users\jackey\Documents\GitHub\STM32_DGUS\STM32_Demo\projects\test\mdk\JLinkSettings.ini"
* JLink Info: Device "STM32F407VG" selected (1024 KB flash, 128 KB RAM).
 
JLink info:
------------
DLL: V4.76e, compiled Sep 20 2013 16:06:28
Firmware: J-Link ARM V8 compiled Jul 17 2013 11:24:15
Hardware: V8.00
S/N : 270676280 
Feature(s) : RDI,FlashDL,FlashBP,JFlash,GDBFULL 
 
* JLink Info: TotalIRLen = 9, IRPrint = 0x0011
* JLink Info: TotalIRLen = 9, IRPrint = 0x0011
* JLink Info: Found Cortex-M4 r0p1, Little endian.
* JLink Info: FPUnit: 6 code (BP) slots and 2 literal slots
* JLink Info: TPIU fitted.
* JLink Info: ETM fitted.
ROMTableAddr = 0xE00FF003
 
Target info:
------------
Device: STM32F407VG
VTarget = 3.293V
State of Pins: 
TCK: 1, TDI: 0, TDO: 1, TMS: 0, TRES: 1, TRST: 1
Hardware-Breakpoints: 6
Software-Breakpoints: 8192
Watchpoints:          4
JTAG speed: 2000 kHz
 
Erase Done.
Programming Done.
Verify OK.
</pre>
</body>
</html>
(BP) slots and 2 literal slots
* JLink Info: TPIU fitted.
* JLink Info: ETM fitted.
ROMTableAddr = 0xE00FF003
 
Target info:
------------
Device: STM32F407VG
VTarget = 3.300V
State of Pins: 
TCK: 1, TDI: 0, TDO: 1, TMS: 0, TRES: 1, TRST: 1
Hardware-Breakpoints: 6
Software-Breakpoints: 8192
Watchpoints:          4
JTAG speed: 2000 kHz
 
Erase Done.
Programming Done.
Verify OK.

***JLink Error: Can not read register 7 (R7) while CPU is running
***JLink Error: Can not read register 8 (R8) while CPU is running
***JLink Error: Can not read register 9 (R9) while CPU is running
***JLink Error: Can not read register 10 (R10) while CPU is running
***JLink Error: Can not read register 11 (R11) while CPU is running
***JLink Error: Can not read register 12 (R12) while CPU is running
***JLink Error: Can not read register 13 (R13) while CPU is running
***JLink Error: Can not read register 14 (R14) while CPU is running
***JLink Error: Can not read register 15 (R15) while CPU is running
***JLink Error: Can not read register 16 (XPSR) while CPU is running
***JLink Error: Can not read register 17 (MSP) while CPU is running
***JLink Error: Can not read register 18 (PSP) while CPU is running
Erase Done.
Programming Done.
Verify OK.
Error: Target DLL has been cancelled. Debugger aborted !
Error: Target DLL has been cancelled. Debugger aborted !
rc16Fun" was declared but never referenced
  static unsigned int GetCrc16Fun(unsigned char *bufData,unsigned int sizeData)
..\..\..\utilities\bill\bill.c: 1 warning, 0 errors
linking...
Program Size: Code=45740 RO-data=1864 RW-data=1636 ZI-data=6316  
".\debug\lcd_test.axf" - 0 Error(s), 15 Warning(s).
 was declared but never referenced
      uint8_t PicNumber;
..\..\..\utilities\bsp\bsp.c(92): warning:  #177-D: variable "times" was declared but never referenced
        unsigned char times = 10 ;
..\..\..\utilities\bsp\bsp.c(93): warning:  #177-D: variable "Status" was declared but never referenced
        unsigned char Status = 0;
..\..\..\utilities\bsp\bsp.c(27): warning:  #550-D: variable "IsCard" was set but never used
   static     uint8_t IsCard    ;
..\..\..\utilities\bsp\bsp.c: 4 warnings, 0 errors
compiling coin.c...
compiling bill.c...
..\..\..\utilities\bill\bill.c(74): warning:  #177-D: function "GetCrc16Fun" was declared but never referenced
  static unsigned int GetCrc16Fun(unsigned char *bufData,unsigned int sizeData)
..\..\..\utilities\bill\bill.c: 1 warning, 0 errors
linking...
.\debug\lcd_test.axf: Error: L6218E: Undefined symbol CloseCashSystem (referred from serialscreen.o).
.\debug\lcd_test.axf: Error: L6218E: Undefined symbol OpenCashSystem (referred from serialscreen.o).
Not enough information to list image symbols.
Finished: 1 information, 0 warning and 2 error messages.
".\debug\lcd_test.axf" - 2 Error(s), 20 Warning(s).
Target not created
fined
  extern _ARMABI int _vsnprintf(char * __restrict /*s*/, size_t /*n*/,
C:\Keil\ARM\RV31\INC\stdio.h(575): error:  #20: identifier "__va_list" is undefined
                        const char * __restrict /*format*/, __va_list /*arg*/) __attribute__((__nonnull__(3)));
C:\Keil\ARM\RV31\INC\stdio.h(710): error:  #20: identifier "size_t" is undefined
  extern _ARMABI size_t fread(void * __restrict /*ptr*/,
C:\Keil\ARM\RV31\INC\stdio.h(711): error:  #20: identifier "size_t" is undefined
                      size_t /*size*/, size_t /*nmemb*/, FILE * __restrict /*stream*/) __attribute__((__nonnull__(1,4)));
C:\Keil\ARM\RV31\INC\stdio.h(711): error:  #20: identifier "size_t" is undefined
                      size_t /*size*/, size_t /*nmemb*/, FILE * __restrict /*stream*/) __attribute__((__nonnull__(1,4)));
C:\Keil\ARM\RV31\INC\stdio.h(726): error:  #20: identifier "size_t" is undefined
  extern _ARMABI size_t __fread_bytes_avail(void * __restrict /*ptr*/,
C:\Keil\ARM\RV31\INC\stdio.h(727): error:  #20: identifier "size_t" is undefined
                      size_t /*count*/, FILE * __restrict /*stream*/) __attribute__((__nonnull__(1,3)));
C:\Keil\ARM\RV31\INC\stdio.h(742): error:  #20: identifier "size_t" is undefined
  extern _ARMABI size_t fwrite(const void * __restrict /*ptr*/,
C:\Keil\ARM\RV31\INC\stdio.h(743): error:  #20: identifier "size_t" is undefined
                      size_t /*size*/, size_t /*nmemb*/, FILE * __restrict /*stream*/) __attribute__((__nonnull__(1,4)));
C:\Keil\ARM\RV31\INC\stdio.h(743): error:  #20: identifier "size_t" is undefined
                      size_t /*size*/, size_t /*nmemb*/, FILE * __restrict /*stream*/) __attribute__((__nonnull__(1,4)));
..\test_lcd.c: 3 warnings, 30 errors
compiling serialscreen.c...
..\..\..\utilities\include\MsgHandle.h(70): error:  #7: unrecognized token
  void InitSetting(void)；
..\..\..\utilities\include\MsgHandle.h(70): error:  #130: expected a "{"
  void InitSetting(void)；
C:\Keil\ARM\RV31\INC\stdio.h(66): warning:  #12-D: parsing restarts here after previous syntax error
  typedef struct __fpos_t_struct {
C:\Keil\ARM\RV31\INC\stdio.h(67): warning:  #177-D: variable "__pos" was declared but never referenced
      unsigned __int64 __pos;
C:\Keil\ARM\RV31\INC\stdio.h(75): warning:  #177-D: variable "__mbstate" was declared but never referenced
      } __mbstate;
C:\Keil\ARM\RV31\INC\stdio.h(76): error:  #77-D: this declaration has no storage class or type specifier
  } fpos_t;
C:\Keil\ARM\RV31\INC\stdio.h(505): error:  #20: identifier "__va_list" is undefined
  extern _ARMABI int vfscanf(FILE * __restrict /*stream*/, const char * __restrict /*format*/, __va_list) __attribute__((__nonnull__(1,2)));
C:\Keil\ARM\RV31\INC\stdio.h(506): error:  #20: identifier "__va_list" is undefined
  extern _ARMABI int vscanf(const char * __restrict /*format*/, __va_list) __attribute__((__nonnull__(1)));
C:\Keil\ARM\RV31\INC\stdio.h(507): error:  #20: identifier "__va_list" is undefined
  extern _ARMABI int vsscanf(const char * __restrict /*s*/, const char * __restrict /*format*/, __va_list) __attribute__((__nonnull__(1,2)));
C:\Keil\ARM\RV31\INC\stdio.h(509): error:  #20: identifier "__va_list" is undefined
  extern _ARMABI int _vfscanf(FILE * __restrict /*stream*/, const char * __restrict /*format*/, __va_list) __attribute__((__nonnull__(1,2)));
C:\Keil\ARM\RV31\INC\stdio.h(510): error:  #20: identifier "__va_list" is undefined
  extern _ARMABI int _vscanf(const char * __restrict /*format*/, __va_list) __attribute__((__nonnull__(1)));
C:\Keil\ARM\RV31\INC\stdio.h(511): error:  #20: identifier "__va_list" is undefined
  extern _ARMABI int _vsscanf(const char * __restrict /*s*/, const char * __restrict /*format*/, __va_list) __attribute__((__nonnull__(1,2)));
C:\Keil\ARM\RV31\INC\stdio.h(513): error:  #20: identifier "__va_list" is undefined
  extern _ARMABI int vprintf(const char * __restrict /*format*/, __va_list /*arg*/) __attribute__((__nonnull__(1)));
C:\Keil\ARM\RV31\INC\stdio.h(521): error:  #20: identifier "__va_list" is undefined
  extern _ARMABI int _vprintf(const char * __restrict /*format*/, __va_list /*arg*/) __attribute__((__nonnull__(1)));
C:\Keil\ARM\RV31\INC\stdio.h(528): error:  #20: identifier "__va_list" is undefined
                      const char * __restrict /*format*/, __va_list /*arg*/) __attribute__((__nonnull__(1,2)));
C:\Keil\ARM\RV31\INC\stdio.h(538): error:  #20: identifier "__va_list" is undefined
                       const char * __restrict /*format*/, __va_list /*arg*/) __attribute__((__nonnull__(1,2)));
C:\Keil\ARM\RV31\INC\stdio.h(549): error:  #20: identifier "__va_list" is undefined
                       const char * __restrict /*format*/, __va_list /*arg*/) __attribute__((__nonnull__(3)));
C:\Keil\ARM\RV31\INC\stdio.h(561): error:  #20: identifier "__va_list" is undefined
                        const char * __restrict /*format*/, __va_list /*arg*/) __attribute__((__nonnull__(1,2)));
C:\Keil\ARM\RV31\INC\stdio.h(568): error:  #20: identifier "__va_list" is undefined
                       const char * __restrict /*format*/, __va_list /*arg*/) __attribute__((__nonnull__(1,2)));
C:\Keil\ARM\RV31\INC\stdio.h(575): error:  #20: identifier "__va_list" is undefined
                        const char * __restrict /*format*/, __va_list /*arg*/) __attribute__((__nonnull__(3)));
C:\Keil\ARM\RV31\INC\stdio.h(754): error:  #757: variable "fpos_t" is not a type name
  extern _ARMABI int fgetpos(FILE * __restrict /*stream*/, fpos_t * __restrict /*pos*/) __attribute__((__nonnull__(1,2)));
C:\Keil\ARM\RV31\INC\stdio.h(782): error:  #757: variable "fpos_t" is not a type name
  extern _ARMABI int fsetpos(FILE * __restrict /*stream*/, const fpos_t * __restrict /*pos*/) __attribute__((__nonnull__(1,2)));
..\..\..\utilities\serialscreen\serialscreen.c(625): warning:  #223-D: function "OpenCashSystem" declared implicitly
                                                OpenCashSystem();
..\..\..\utilities\serialscreen\serialscreen.c(629): warning:  #223-D: function "CloseCashSystem" declared implicitly
                                                CloseCashSystem();
..\..\..\utilities\serialscreen\serialscreen.c(633): warning:  #223-D: function "CloseCashSystem" declared implicitly
                                                CloseCashSystem();
..\..\..\utilities\serialscreen\serialscreen.c(637): warning:  #223-D: function "CloseCashSystem" declared implicitly
                                                CloseCashSystem();
..\..\..\utilities\serialscreen\serialscreen.c(776): warning:  #550-D: variable "RegisterAdress" was set but never used
        char RegisterAdress=0;
..\..\..\utilities\serialscreen\serialscreen.c(779): warning:  #550-D: variable "RegisterData" was set but never used
        char RegisterData[5]={0};  //寄存器数据数组
..\..\..\utilities\serialscreen\serialscreen.c: 9 warnings, 19 errors
compiling sd.c...
..\..\..\utilities\include\MsgHandle.h(70): error:  #7: unrecognized token
  void InitSetting(void)；
..\..\..\utilities\include\MsgHandle.h(70): error:  #130: expected a "{"
  void InitSetting(void)；
C:\Keil\ARM\RV31\INC\stdio.h(66): warning:  #12-D: parsing restarts here after previous syntax error
  typedef struct __fpos_t_struct {
C:\Keil\ARM\RV31\INC\stdio.h(67): warning:  #177-D: variable "__pos" was declared but never referenced
      unsigned __int64 __pos;
C:\Keil\ARM\RV31\INC\stdio.h(75): warning:  #177-D: variable "__mbstate" was declared but never referenced
      } __mbstate;
C:\Keil\ARM\RV31\INC\stdio.h(76): error:  #77-D: this declaration has no storage class or type specifier
  } fpos_t;
C:\Keil\ARM\RV31\INC\stdio.h(311): error:  #20: identifier "size_t" is undefined
                     int /*mode*/, size_t /*size*/) __attribute__((__nonnull__(1)));
C:\Keil\ARM\RV31\INC\stdio.h(394): error:  #20: identifier "size_t" is undefined
  extern _ARMABI int snprintf(char * __restrict /*s*/, size_t /*n*/,
C:\Keil\ARM\RV31\INC\stdio.h(415): error:  #20: identifier "size_t" is undefined
  extern _ARMABI int _snprintf(char * __restrict /*s*/, size_t /*n*/,
C:\Keil\ARM\RV31\INC\stdio.h(505): error:  #20: identifier "__va_list" is undefined
  extern _ARMABI int vfscanf(FILE * __restrict /*stream*/, const char * __restrict /*format*/, __va_list) __attribute__((__nonnull__(1,2)));
C:\Keil\ARM\RV31\INC\stdio.h(506): error:  #20: identifier "__va_list" is undefined
  extern _ARMABI int vscanf(const char * __restrict /*format*/, __va_list) __attribute__((__nonnull__(1)));
C:\Keil\ARM\RV31\INC\stdio.h(507): error:  #20: identifier "__va_list" is undefined
  extern _ARMABI int vsscanf(const char * __restrict /*s*/, const char * __restrict /*format*/, __va_list) __attribute__((__nonnull__(1,2)));
C:\Keil\ARM\RV31\INC\stdio.h(509): error:  #20: identifier "__va_list" is undefined
  extern _ARMABI int _vfscanf(FILE * __restrict /*stream*/, const char * __restrict /*format*/, __va_list) __attribute__((__nonnull__(1,2)));
C:\Keil\ARM\RV31\INC\stdio.h(510): error:  #20: identifier "__va_list" is undefined
  extern _ARMABI int _vscanf(const char * __restrict /*format*/, __va_list) __attribute__((__nonnull__(1)));
C:\Keil\ARM\RV31\INC\stdio.h(511): error:  #20: identifier "__va_list" is undefined
  extern _ARMABI int _vsscanf(const char * __restrict /*s*/, const char * __restrict /*format*/, __va_list) __attribute__((__nonnull__(1,2)));
C:\Keil\ARM\RV31\INC\stdio.h(513): error:  #20: identifier "__va_list" is undefined
  extern _ARMABI int vprintf(const char * __restrict /*format*/, __va_list /*arg*/) __attribute__((__nonnull__(1)));
C:\Keil\ARM\RV31\INC\stdio.h(521): error:  #20: identifier "__va_list" is undefined
  extern _ARMABI int _vprintf(const char * __restrict /*format*/, __va_list /*arg*/) __attribute__((__nonnull__(1)));
C:\Keil\ARM\RV31\INC\stdio.h(528): error:  #20: identifier "__va_list" is undefined
                      const char * __restrict /*format*/, __va_list /*arg*/) __attribute__((__nonnull__(1,2)));
C:\Keil\ARM\RV31\INC\stdio.h(538): error:  #20: identifier "__va_list" is undefined
                       const char * __restrict /*format*/, __va_list /*arg*/) __attribute__((__nonnull__(1,2)));
C:\Keil\ARM\RV31\INC\stdio.h(548): error:  #20: identifier "size_t" is undefined
  extern _ARMABI int vsnprintf(char * __restrict /*s*/, size_t /*n*/,
C:\Keil\ARM\RV31\INC\stdio.h(549): error:  #20: identifier "__va_list" is undefined
                       const char * __restrict /*format*/, __va_list /*arg*/) __attribute__((__nonnull__(3)));
C:\Keil\ARM\RV31\INC\stdio.h(561): error:  #20: identifier "__va_list" is undefined
                        const char * __restrict /*format*/, __va_list /*arg*/) __attribute__((__nonnull__(1,2)));
C:\Keil\ARM\RV31\INC\stdio.h(568): error:  #20: identifier "__va_list" is undefined
                       const char * __restrict /*format*/, __va_list /*arg*/) __attribute__((__nonnull__(1,2)));
C:\Keil\ARM\RV31\INC\stdio.h(574): error:  #20: identifier "size_t" is undefined
  extern _ARMABI int _vsnprintf(char * __restrict /*s*/, size_t /*n*/,
C:\Keil\ARM\RV31\INC\stdio.h(575): error:  #20: identifier "__va_list" is undefined
                        const char * __restrict /*format*/, __va_list /*arg*/) __attribute__((__nonnull__(3)));
C:\Keil\ARM\RV31\INC\stdio.h(710): error:  #20: identifier "size_t" is undefined
  extern _ARMABI size_t fread(void * __restrict /*ptr*/,
C:\Keil\ARM\RV31\INC\stdio.h(711): error:  #20: identifier "size_t" is undefined
                      size_t /*size*/, size_t /*nmemb*/, FILE * __restrict /*stream*/) __attribute__((__nonnull__(1,4)));
C:\Keil\ARM\RV31\INC\stdio.h(711): error:  #20: identifier "size_t" is undefined
                      size_t /*size*/, size_t /*nmemb*/, FILE * __restrict /*stream*/) __attribute__((__nonnull__(1,4)));
C:\Keil\ARM\RV31\INC\stdio.h(726): error:  #20: identifier "size_t" is undefined
  extern _ARMABI size_t __fread_bytes_avail(void * __restrict /*ptr*/,
C:\Keil\ARM\RV31\INC\stdio.h(727): error:  #20: identifier "size_t" is undefined
                      size_t /*count*/, FILE * __restrict /*stream*/) __attribute__((__nonnull__(1,3)));
C:\Keil\ARM\RV31\INC\stdio.h(742): error:  #20: identifier "size_t" is undefined
  extern _ARMABI size_t fwrite(const void * __restrict /*ptr*/,
C:\Keil\ARM\RV31\INC\stdio.h(743): error:  #20: identifier "size_t" is undefined
                      size_t /*size*/, size_t /*nmemb*/, FILE * __restrict /*stream*/) __attribute__((__nonnull__(1,4)));
C:\Keil\ARM\RV31\INC\stdio.h(743): error:  #20: identifier "size_t" is undefined
                      size_t /*size*/, size_t /*nmemb*/, FILE * __restrict /*stream*/) __attribute__((__nonnull__(1,4)));
..\..\..\utilities\sd\sd.c: 3 warnings, 30 errors
compiling spi_flash.c...
..\..\..\utilities\include\MsgHandle.h(70): error:  #7: unrecognized token
  void InitSetting(void)；
..\..\..\utilities\include\MsgHandle.h(70): error:  #130: expected a "{"
  void InitSetting(void)；
..\..\..\utilities\include\rtc.h(12): warning:  #12-D: parsing restarts here after previous syntax error
  {
..\..\..\utilities\include\rtc.h(13): warning:  #177-D: variable "Hours" was declared but never referenced
      uint8_t Hours;    /*!< Specifies the RTC Time Hour.
..\..\..\utilities\include\rtc.h(18): warning:  #177-D: variable "Minutes" was declared but never referenced
     uint8_t Minutes;  /*!< Specifies the RTC Time Minutes.
..\..\..\utilities\include\rtc.h(21): warning:  #177-D: variable "Senconds" was declared but never referenced
     uint8_t Senconds;  /*!< Specifies the RTC Time Seconds.
..\..\..\utilities\include\rtc.h(23): warning:  #177-D: variable "WeekDay" was declared but never referenced
     uint8_t WeekDay; /*!< Specifies the RTC Date WeekDay.
..\..\..\utilities\include\rtc.h(26): warning:  #177-D: variable "Month" was declared but never referenced
     uint8_t Month;   /*!< Specifies the RTC Date Month (in BCD format).
..\..\..\utilities\include\rtc.h(29): warning:  #177-D: variable "Date" was declared but never referenced
     uint8_t Date;     /*!< Specifies the RTC Date.
..\..\..\utilities\include\rtc.h(32): warning:  #177-D: variable "Year" was declared but never referenced
     uint8_t Year;     /*!< Specifies the RTC Date Year.
..\..\..\utilities\include\rtc.h(35): error:  #77-D: this declaration has no storage class or type specifier
  }Struct_TD;
..\..\..\utilities\include\rtc.h(37): error:  #757: variable "Struct_TD" is not a type name
  extern Struct_TD TimeDate ;
..\..\..\utilities\include\printer.h(25): error:  #757: variable "Struct_TD" is not a type name
  void COPY(Struct_TD  a,unsigned char *p0,unsigned char *p1);
..\..\..\utilities\spi_flash\spi_flash.c: 8 warnings, 5 errors
compiling MsgHandle.c...
..\..\..\utilities\include\MsgHandle.h(70): error:  #7: unrecognized token
  void InitSetting(void)；
..\..\..\utilities\include\MsgHandle.h(70): error:  #130: expected a "{"
  void InitSetting(void)；
C:\Keil\ARM\RV31\INC\stdio.h(66): warning:  #12-D: parsing restarts here after previous syntax error
  typedef struct __fpos_t_struct {
C:\Keil\ARM\RV31\INC\stdio.h(67): warning:  #177-D: variable "__pos" was declared but never referenced
      unsigned __int64 __pos;
C:\Keil\ARM\RV31\INC\stdio.h(75): warning:  #177-D: variable "__mbstate" was declared but never referenced
      } __mbstate;
C:\Keil\ARM\RV31\INC\stdio.h(76): error:  #77-D: this declaration has no storage class or type specifier
  } fpos_t;
C:\Keil\ARM\RV31\INC\stdio.h(311): error:  #20: identifier "size_t" is undefined
                     int /*mode*/, size_t /*size*/) __attribute__((__nonnull__(1)));
C:\Keil\ARM\RV31\INC\stdio.h(394): error:  #20: identifier "size_t" is undefined
  extern _ARMABI int snprintf(char * __restrict /*s*/, size_t /*n*/,
C:\Keil\ARM\RV31\INC\stdio.h(415): error:  #20: identifier "size_t" is undefined
  extern _ARMABI int _snprintf(char * __restrict /*s*/, size_t /*n*/,
C:\Keil\ARM\RV31\INC\stdio.h(505): error:  #20: identifier "__va_list" is undefined
  extern _ARMABI int vfscanf(FILE * __restrict /*stream*/, const char * __restrict /*format*/, __va_list) __attribute__((__nonnull__(1,2)));
C:\Keil\ARM\RV31\INC\stdio.h(506): error:  #20: identifier "__va_list" is undefined
  extern _ARMABI int vscanf(const char * __restrict /*format*/, __va_list) __attribute__((__nonnull__(1)));
C:\Keil\ARM\RV31\INC\stdio.h(507): error:  #20: identifier "__va_list" is undefined
  extern _ARMABI int vsscanf(const char * __restrict /*s*/, const char * __restrict /*format*/, __va_list) __attribute__((__nonnull__(1,2)));
C:\Keil\ARM\RV31\INC\stdio.h(509): error:  #20: identifier "__va_list" is undefined
  extern _ARMABI int _vfscanf(FILE * __restrict /*stream*/, const char * __restrict /*format*/, __va_list) __attribute__((__nonnull__(1,2)));
C:\Keil\ARM\RV31\INC\stdio.h(510): error:  #20: identifier "__va_list" is undefined
  extern _ARMABI int _vscanf(const char * __restrict /*format*/, __va_list) __attribute__((__nonnull__(1)));
C:\Keil\ARM\RV31\INC\stdio.h(511): error:  #20: identifier "__va_list" is undefined
  extern _ARMABI int _vsscanf(const char * __restrict /*s*/, const char * __restrict /*format*/, __va_list) __attribute__((__nonnull__(1,2)));
C:\Keil\ARM\RV31\INC\stdio.h(513): error:  #20: identifier "__va_list" is undefined
  extern _ARMABI int vprintf(const char * __restrict /*format*/, __va_list /*arg*/) __attribute__((__nonnull__(1)));
C:\Keil\ARM\RV31\INC\stdio.h(521): error:  #20: identifier "__va_list" is undefined
  extern _ARMABI int _vprintf(const char * __restrict /*format*/, __va_list /*arg*/) __attribute__((__nonnull__(1)));
C:\Keil\ARM\RV31\INC\stdio.h(528): error:  #20: identifier "__va_list" is undefined
                      const char * __restrict /*format*/, __va_list /*arg*/) __attribute__((__nonnull__(1,2)));
C:\Keil\ARM\RV31\INC\stdio.h(538): error:  #20: identifier "__va_list" is undefined
                       const char * __restrict /*format*/, __va_list /*arg*/) __attribute__((__nonnull__(1,2)));
C:\Keil\ARM\RV31\INC\stdio.h(548): error:  #20: identifier "size_t" is undefined
  extern _ARMABI int vsnprintf(char * __restrict /*s*/, size_t /*n*/,
C:\Keil\ARM\RV31\INC\stdio.h(549): error:  #20: identifier "__va_list" is undefined
                       const char * __restrict /*format*/, __va_list /*arg*/) __attribute__((__nonnull__(3)));
C:\Keil\ARM\RV31\INC\stdio.h(561): error:  #20: identifier "__va_list" is undefined
                        const char * __restrict /*format*/, __va_list /*arg*/) __attribute__((__nonnull__(1,2)));
C:\Keil\ARM\RV31\INC\stdio.h(568): error:  #20: identifier "__va_list" is undefined
                       const char * __restrict /*format*/, __va_list /*arg*/) __attribute__((__nonnull__(1,2)));
C:\Keil\ARM\RV31\INC\stdio.h(574): error:  #20: identifier "size_t" is undefined
  extern _ARMABI int _vsnprintf(char * __restrict /*s*/, size_t /*n*/,
C:\Keil\ARM\RV31\INC\stdio.h(575): error:  #20: identifier "__va_list" is undefined
                        const char * __restrict /*format*/, __va_list /*arg*/) __attribute__((__nonnull__(3)));
C:\Keil\ARM\RV31\INC\stdio.h(710): error:  #20: identifier "size_t" is undefined
  extern _ARMABI size_t fread(void * __restrict /*ptr*/,
C:\Keil\ARM\RV31\INC\stdio.h(711): error:  #20: identifier "size_t" is undefined
                      size_t /*size*/, size_t /*nmemb*/, FILE * __restrict /*stream*/) __attribute__((__nonnull__(1,4)));
C:\Keil\ARM\RV31\INC\stdio.h(711): error:  #20: identifier "size_t" is undefined
                      size_t /*size*/, size_t /*nmemb*/, FILE * __restrict /*stream*/) __attribute__((__nonnull__(1,4)));
C:\Keil\ARM\RV31\INC\stdio.h(726): error:  #20: identifier "size_t" is undefined
  extern _ARMABI size_t __fread_bytes_avail(void * __restrict /*ptr*/,
C:\Keil\ARM\RV31\INC\stdio.h(727): error:  #20: identifier "size_t" is undefined
                      size_t /*count*/, FILE * __restrict /*stream*/) __attribute__((__nonnull__(1,3)));
C:\Keil\ARM\RV31\INC\stdio.h(742): error:  #20: identifier "size_t" is undefined
  extern _ARMABI size_t fwrite(const void * __restrict /*ptr*/,
C:\Keil\ARM\RV31\INC\stdio.h(743): error:  #20: identifier "size_t" is undefined
                      size_t /*size*/, size_t /*nmemb*/, FILE * __restrict /*stream*/) __attribute__((__nonnull__(1,4)));
C:\Keil\ARM\RV31\INC\stdio.h(743): error:  #20: identifier "size_t" is undefined
                      size_t /*size*/, size_t /*nmemb*/, FILE * __restrict /*stream*/) __attribute__((__nonnull__(1,4)));
..\..\..\utilities\LedMsgHandle\MsgHandle.c: 3 warnings, 30 errors
".\debug\lcd_test.axf" - 114 Error(s), 26 Warning(s).
Project build/rebuild aborted.
